[11-Feb-2021 17:09:33 UTC] PHP Fatal error:  Uncaught Error: Call to undefined function wp_generate_attachment_metadata() in /var/www/html/site/game-n-share/content/themes/gamenshare/inc/add-game.php:77
Stack trace:
#0 /var/www/html/site/game-n-share/wp/wp-includes/class-wp-hook.php(287): gamenshare_insert_game('')
#1 /var/www/html/site/game-n-share/wp/wp-includes/class-wp-hook.php(311): WP_Hook->apply_filters(NULL, Array)
#2 /var/www/html/site/game-n-share/wp/wp-includes/plugin.php(484): WP_Hook->do_action(Array)
#3 /var/www/html/site/game-n-share/wp/wp-settings.php(557): do_action('init')
#4 /var/www/html/site/game-n-share/wp-config.php(145): require_once('/var/www/html/s...')
#5 /var/www/html/site/game-n-share/wp/wp-load.php(42): require_once('/var/www/html/s...')
#6 /var/www/html/site/game-n-share/wp/wp-blog-header.php(13): require_once('/var/www/html/s...')
#7 /var/www/html/site/game-n-share/index.php(17): require('/var/www/html/s...')
#8 {main}
  thrown in /var/www/html/site/game-n-share/content/themes/gamenshare/inc/add-game.php on line 77
[11-Feb-2021 17:11:50 UTC] PHP Warning:  Cannot modify header information - headers already sent in /var/www/html/site/game-n-share/content/plugins/simply-show-hooks/index.php on line 84
[11-Feb-2021 17:11:50 UTC] PHP Stack trace:
[11-Feb-2021 17:11:50 UTC] PHP   1. {main}() /var/www/html/site/game-n-share/wp/wp-cron.php:0
[11-Feb-2021 17:11:50 UTC] PHP   2. require_once() /var/www/html/site/game-n-share/wp/wp-cron.php:44
[11-Feb-2021 17:11:50 UTC] PHP   3. require_once() /var/www/html/site/game-n-share/wp/wp-load.php:42
[11-Feb-2021 17:11:50 UTC] PHP   4. require_once() /var/www/html/site/game-n-share/wp-config.php:145
[11-Feb-2021 17:11:50 UTC] PHP   5. include_once() /var/www/html/site/game-n-share/wp/wp-settings.php:388
[11-Feb-2021 17:11:50 UTC] PHP   6. CX_Simply_Show_Hooks::get_instance() /var/www/html/site/game-n-share/content/plugins/simply-show-hooks/index.php:573
[11-Feb-2021 17:11:50 UTC] PHP   7. CX_Simply_Show_Hooks->init() /var/www/html/site/game-n-share/content/plugins/simply-show-hooks/index.php:39
[11-Feb-2021 17:11:50 UTC] PHP   8. CX_Simply_Show_Hooks->set_active_status() /var/www/html/site/game-n-share/content/plugins/simply-show-hooks/index.php:67
[11-Feb-2021 17:11:50 UTC] PHP   9. setcookie() /var/www/html/site/game-n-share/content/plugins/simply-show-hooks/index.php:84
[11-Feb-2021 17:26:34 UTC] PHP Notice:  Undefined variable: attachment_data in /var/www/html/site/game-n-share/content/themes/gamenshare/inc/add-game.php on line 78
[11-Feb-2021 17:26:34 UTC] PHP Stack trace:
[11-Feb-2021 17:26:34 UTC] PHP   1. {main}() /var/www/html/site/game-n-share/index.php:0
[11-Feb-2021 17:26:34 UTC] PHP   2. require() /var/www/html/site/game-n-share/index.php:17
[11-Feb-2021 17:26:34 UTC] PHP   3. require_once() /var/www/html/site/game-n-share/wp/wp-blog-header.php:13
[11-Feb-2021 17:26:34 UTC] PHP   4. require_once() /var/www/html/site/game-n-share/wp/wp-load.php:42
[11-Feb-2021 17:26:34 UTC] PHP   5. require_once() /var/www/html/site/game-n-share/wp-config.php:145
[11-Feb-2021 17:26:34 UTC] PHP   6. do_action() /var/www/html/site/game-n-share/wp/wp-settings.php:557
[11-Feb-2021 17:26:34 UTC] PHP   7. WP_Hook->do_action() /var/www/html/site/game-n-share/wp/wp-includes/plugin.php:484
[11-Feb-2021 17:26:34 UTC] PHP   8. WP_Hook->apply_filters() /var/www/html/site/game-n-share/wp/wp-includes/class-wp-hook.php:311
[11-Feb-2021 17:26:34 UTC] PHP   9. gamenshare_insert_game() /var/www/html/site/game-n-share/wp/wp-includes/class-wp-hook.php:287
[11-Feb-2021 19:15:51 UTC] PHP Warning:  Cannot modify header information - headers already sent in /var/www/html/site/game-n-share/content/plugins/simply-show-hooks/index.php on line 84
[11-Feb-2021 19:15:51 UTC] PHP Stack trace:
[11-Feb-2021 19:15:51 UTC] PHP   1. {main}() /var/www/html/site/game-n-share/wp/wp-cron.php:0
[11-Feb-2021 19:15:51 UTC] PHP   2. require_once() /var/www/html/site/game-n-share/wp/wp-cron.php:44
[11-Feb-2021 19:15:51 UTC] PHP   3. require_once() /var/www/html/site/game-n-share/wp/wp-load.php:42
[11-Feb-2021 19:15:51 UTC] PHP   4. require_once() /var/www/html/site/game-n-share/wp-config.php:145
[11-Feb-2021 19:15:51 UTC] PHP   5. include_once() /var/www/html/site/game-n-share/wp/wp-settings.php:388
[11-Feb-2021 19:15:51 UTC] PHP   6. CX_Simply_Show_Hooks::get_instance() /var/www/html/site/game-n-share/content/plugins/simply-show-hooks/index.php:573
[11-Feb-2021 19:15:51 UTC] PHP   7. CX_Simply_Show_Hooks->init() /var/www/html/site/game-n-share/content/plugins/simply-show-hooks/index.php:39
[11-Feb-2021 19:15:51 UTC] PHP   8. CX_Simply_Show_Hooks->set_active_status() /var/www/html/site/game-n-share/content/plugins/simply-show-hooks/index.php:67
[11-Feb-2021 19:15:51 UTC] PHP   9. setcookie() /var/www/html/site/game-n-share/content/plugins/simply-show-hooks/index.php:84
[11-Feb-2021 19:16:30 UTC] PHP Notice:  Undefined variable: imgAcfIds in /var/www/html/site/game-n-share/content/themes/gamenshare/inc/add-game.php on line 86
[11-Feb-2021 19:16:30 UTC] PHP Stack trace:
[11-Feb-2021 19:16:30 UTC] PHP   1. {main}() /var/www/html/site/game-n-share/index.php:0
[11-Feb-2021 19:16:30 UTC] PHP   2. require() /var/www/html/site/game-n-share/index.php:17
[11-Feb-2021 19:16:30 UTC] PHP   3. require_once() /var/www/html/site/game-n-share/wp/wp-blog-header.php:13
[11-Feb-2021 19:16:30 UTC] PHP   4. require_once() /var/www/html/site/game-n-share/wp/wp-load.php:42
[11-Feb-2021 19:16:30 UTC] PHP   5. require_once() /var/www/html/site/game-n-share/wp-config.php:145
[11-Feb-2021 19:16:30 UTC] PHP   6. do_action() /var/www/html/site/game-n-share/wp/wp-settings.php:557
[11-Feb-2021 19:16:30 UTC] PHP   7. WP_Hook->do_action() /var/www/html/site/game-n-share/wp/wp-includes/plugin.php:484
[11-Feb-2021 19:16:30 UTC] PHP   8. WP_Hook->apply_filters() /var/www/html/site/game-n-share/wp/wp-includes/class-wp-hook.php:311
[11-Feb-2021 19:16:30 UTC] PHP   9. gamenshare_insert_game() /var/www/html/site/game-n-share/wp/wp-includes/class-wp-hook.php:287
[11-Feb-2021 19:18:04 UTC] PHP Notice:  Undefined variable: attachement_id in /var/www/html/site/game-n-share/content/themes/gamenshare/inc/add-game.php on line 86
[11-Feb-2021 19:18:04 UTC] PHP Stack trace:
[11-Feb-2021 19:18:04 UTC] PHP   1. {main}() /var/www/html/site/game-n-share/index.php:0
[11-Feb-2021 19:18:04 UTC] PHP   2. require() /var/www/html/site/game-n-share/index.php:17
[11-Feb-2021 19:18:04 UTC] PHP   3. require_once() /var/www/html/site/game-n-share/wp/wp-blog-header.php:13
[11-Feb-2021 19:18:04 UTC] PHP   4. require_once() /var/www/html/site/game-n-share/wp/wp-load.php:42
[11-Feb-2021 19:18:04 UTC] PHP   5. require_once() /var/www/html/site/game-n-share/wp-config.php:145
[11-Feb-2021 19:18:04 UTC] PHP   6. do_action() /var/www/html/site/game-n-share/wp/wp-settings.php:557
[11-Feb-2021 19:18:04 UTC] PHP   7. WP_Hook->do_action() /var/www/html/site/game-n-share/wp/wp-includes/plugin.php:484
[11-Feb-2021 19:18:04 UTC] PHP   8. WP_Hook->apply_filters() /var/www/html/site/game-n-share/wp/wp-includes/class-wp-hook.php:311
[11-Feb-2021 19:18:04 UTC] PHP   9. gamenshare_insert_game() /var/www/html/site/game-n-share/wp/wp-includes/class-wp-hook.php:287
[11-Feb-2021 19:19:46 UTC] PHP Notice:  Undefined variable: attachement_id in /var/www/html/site/game-n-share/content/themes/gamenshare/inc/add-game.php on line 86
[11-Feb-2021 19:19:46 UTC] PHP Stack trace:
[11-Feb-2021 19:19:46 UTC] PHP   1. {main}() /var/www/html/site/game-n-share/index.php:0
[11-Feb-2021 19:19:46 UTC] PHP   2. require() /var/www/html/site/game-n-share/index.php:17
[11-Feb-2021 19:19:46 UTC] PHP   3. require_once() /var/www/html/site/game-n-share/wp/wp-blog-header.php:13
[11-Feb-2021 19:19:46 UTC] PHP   4. require_once() /var/www/html/site/game-n-share/wp/wp-load.php:42
[11-Feb-2021 19:19:46 UTC] PHP   5. require_once() /var/www/html/site/game-n-share/wp-config.php:145
[11-Feb-2021 19:19:46 UTC] PHP   6. do_action() /var/www/html/site/game-n-share/wp/wp-settings.php:557
[11-Feb-2021 19:19:46 UTC] PHP   7. WP_Hook->do_action() /var/www/html/site/game-n-share/wp/wp-includes/plugin.php:484
[11-Feb-2021 19:19:46 UTC] PHP   8. WP_Hook->apply_filters() /var/www/html/site/game-n-share/wp/wp-includes/class-wp-hook.php:311
[11-Feb-2021 19:19:46 UTC] PHP   9. gamenshare_insert_game() /var/www/html/site/game-n-share/wp/wp-includes/class-wp-hook.php:287
[11-Feb-2021 20:34:43 UTC] PHP Parse error:  syntax error, unexpected '}' in /var/www/html/site/game-n-share/content/themes/gamenshare/inc/add-game.php on line 82
[11-Feb-2021 20:34:57 UTC] PHP Parse error:  syntax error, unexpected '}' in /var/www/html/site/game-n-share/content/themes/gamenshare/inc/add-game.php on line 82
[11-Feb-2021 20:35:28 UTC] PHP Warning:  Cannot modify header information - headers already sent in /var/www/html/site/game-n-share/content/plugins/simply-show-hooks/index.php on line 84
[11-Feb-2021 20:35:28 UTC] PHP Stack trace:
[11-Feb-2021 20:35:28 UTC] PHP   1. {main}() /var/www/html/site/game-n-share/wp/wp-cron.php:0
[11-Feb-2021 20:35:28 UTC] PHP   2. require_once() /var/www/html/site/game-n-share/wp/wp-cron.php:44
[11-Feb-2021 20:35:28 UTC] PHP   3. require_once() /var/www/html/site/game-n-share/wp/wp-load.php:42
[11-Feb-2021 20:35:28 UTC] PHP   4. require_once() /var/www/html/site/game-n-share/wp-config.php:145
[11-Feb-2021 20:35:28 UTC] PHP   5. include_once() /var/www/html/site/game-n-share/wp/wp-settings.php:388
[11-Feb-2021 20:35:28 UTC] PHP   6. CX_Simply_Show_Hooks::get_instance() /var/www/html/site/game-n-share/content/plugins/simply-show-hooks/index.php:573
[11-Feb-2021 20:35:28 UTC] PHP   7. CX_Simply_Show_Hooks->init() /var/www/html/site/game-n-share/content/plugins/simply-show-hooks/index.php:39
[11-Feb-2021 20:35:28 UTC] PHP   8. CX_Simply_Show_Hooks->set_active_status() /var/www/html/site/game-n-share/content/plugins/simply-show-hooks/index.php:67
[11-Feb-2021 20:35:28 UTC] PHP   9. setcookie() /var/www/html/site/game-n-share/content/plugins/simply-show-hooks/index.php:84
[11-Feb-2021 20:35:30 UTC] PHP Fatal error:  Uncaught Error: Call to undefined function media_handle_upload() in /var/www/html/site/game-n-share/content/themes/gamenshare/inc/add-game.php:80
Stack trace:
#0 /var/www/html/site/game-n-share/wp/wp-includes/class-wp-hook.php(287): gamenshare_insert_game('')
#1 /var/www/html/site/game-n-share/wp/wp-includes/class-wp-hook.php(311): WP_Hook->apply_filters(NULL, Array)
#2 /var/www/html/site/game-n-share/wp/wp-includes/plugin.php(484): WP_Hook->do_action(Array)
#3 /var/www/html/site/game-n-share/wp/wp-settings.php(557): do_action('init')
#4 /var/www/html/site/game-n-share/wp-config.php(145): require_once('/var/www/html/s...')
#5 /var/www/html/site/game-n-share/wp/wp-load.php(42): require_once('/var/www/html/s...')
#6 /var/www/html/site/game-n-share/wp/wp-blog-header.php(13): require_once('/var/www/html/s...')
#7 /var/www/html/site/game-n-share/index.php(17): require('/var/www/html/s...')
#8 {main}
  thrown in /var/www/html/site/game-n-share/content/themes/gamenshare/inc/add-game.php on line 80
[11-Feb-2021 20:39:04 UTC] PHP Fatal error:  Uncaught Error: Call to undefined function media_handle_upload() in /var/www/html/site/game-n-share/content/themes/gamenshare/inc/add-game.php:80
Stack trace:
#0 /var/www/html/site/game-n-share/wp/wp-includes/class-wp-hook.php(287): gamenshare_insert_game('')
#1 /var/www/html/site/game-n-share/wp/wp-includes/class-wp-hook.php(311): WP_Hook->apply_filters(NULL, Array)
#2 /var/www/html/site/game-n-share/wp/wp-includes/plugin.php(484): WP_Hook->do_action(Array)
#3 /var/www/html/site/game-n-share/wp/wp-settings.php(557): do_action('init')
#4 /var/www/html/site/game-n-share/wp-config.php(145): require_once('/var/www/html/s...')
#5 /var/www/html/site/game-n-share/wp/wp-load.php(42): require_once('/var/www/html/s...')
#6 /var/www/html/site/game-n-share/wp/wp-blog-header.php(13): require_once('/var/www/html/s...')
#7 /var/www/html/site/game-n-share/index.php(17): require('/var/www/html/s...')
#8 {main}
  thrown in /var/www/html/site/game-n-share/content/themes/gamenshare/inc/add-game.php on line 80
[11-Feb-2021 20:40:12 UTC] PHP Fatal error:  Uncaught Error: Call to undefined function media_handle_upload() in /var/www/html/site/game-n-share/content/themes/gamenshare/inc/add-game.php:80
Stack trace:
#0 /var/www/html/site/game-n-share/wp/wp-includes/class-wp-hook.php(287): gamenshare_insert_game('')
#1 /var/www/html/site/game-n-share/wp/wp-includes/class-wp-hook.php(311): WP_Hook->apply_filters(NULL, Array)
#2 /var/www/html/site/game-n-share/wp/wp-includes/plugin.php(484): WP_Hook->do_action(Array)
#3 /var/www/html/site/game-n-share/wp/wp-settings.php(557): do_action('init')
#4 /var/www/html/site/game-n-share/wp-config.php(145): require_once('/var/www/html/s...')
#5 /var/www/html/site/game-n-share/wp/wp-load.php(42): require_once('/var/www/html/s...')
#6 /var/www/html/site/game-n-share/wp/wp-blog-header.php(13): require_once('/var/www/html/s...')
#7 /var/www/html/site/game-n-share/index.php(17): require('/var/www/html/s...')
#8 {main}
  thrown in /var/www/html/site/game-n-share/content/themes/gamenshare/inc/add-game.php on line 80
[11-Feb-2021 20:41:21 UTC] PHP Fatal error:  Uncaught Error: Call to undefined function media_handle_upload() in /var/www/html/site/game-n-share/content/themes/gamenshare/inc/add-game.php:80
Stack trace:
#0 /var/www/html/site/game-n-share/wp/wp-includes/class-wp-hook.php(287): gamenshare_insert_game('')
#1 /var/www/html/site/game-n-share/wp/wp-includes/class-wp-hook.php(311): WP_Hook->apply_filters(NULL, Array)
#2 /var/www/html/site/game-n-share/wp/wp-includes/plugin.php(484): WP_Hook->do_action(Array)
#3 /var/www/html/site/game-n-share/wp/wp-settings.php(557): do_action('init')
#4 /var/www/html/site/game-n-share/wp-config.php(145): require_once('/var/www/html/s...')
#5 /var/www/html/site/game-n-share/wp/wp-load.php(42): require_once('/var/www/html/s...')
#6 /var/www/html/site/game-n-share/wp/wp-blog-header.php(13): require_once('/var/www/html/s...')
#7 /var/www/html/site/game-n-share/index.php(17): require('/var/www/html/s...')
#8 {main}
  thrown in /var/www/html/site/game-n-share/content/themes/gamenshare/inc/add-game.php on line 80
[11-Feb-2021 20:41:42 UTC] PHP Fatal error:  Uncaught Error: Call to undefined function media_handle_upload() in /var/www/html/site/game-n-share/content/themes/gamenshare/inc/add-game.php:80
Stack trace:
#0 /var/www/html/site/game-n-share/wp/wp-includes/class-wp-hook.php(287): gamenshare_insert_game('')
#1 /var/www/html/site/game-n-share/wp/wp-includes/class-wp-hook.php(311): WP_Hook->apply_filters(NULL, Array)
#2 /var/www/html/site/game-n-share/wp/wp-includes/plugin.php(484): WP_Hook->do_action(Array)
#3 /var/www/html/site/game-n-share/wp/wp-settings.php(557): do_action('init')
#4 /var/www/html/site/game-n-share/wp-config.php(145): require_once('/var/www/html/s...')
#5 /var/www/html/site/game-n-share/wp/wp-load.php(42): require_once('/var/www/html/s...')
#6 /var/www/html/site/game-n-share/wp/wp-blog-header.php(13): require_once('/var/www/html/s...')
#7 /var/www/html/site/game-n-share/index.php(17): require('/var/www/html/s...')
#8 {main}
  thrown in /var/www/html/site/game-n-share/content/themes/gamenshare/inc/add-game.php on line 80
[11-Feb-2021 20:52:32 UTC] PHP Fatal error:  Uncaught Error: Call to undefined function wp_handle_upload() in /var/www/html/site/game-n-share/content/themes/gamenshare/inc/add-game.php:60
Stack trace:
#0 /var/www/html/site/game-n-share/wp/wp-includes/class-wp-hook.php(287): gamenshare_insert_game('')
#1 /var/www/html/site/game-n-share/wp/wp-includes/class-wp-hook.php(311): WP_Hook->apply_filters(NULL, Array)
#2 /var/www/html/site/game-n-share/wp/wp-includes/plugin.php(484): WP_Hook->do_action(Array)
#3 /var/www/html/site/game-n-share/wp/wp-settings.php(557): do_action('init')
#4 /var/www/html/site/game-n-share/wp-config.php(145): require_once('/var/www/html/s...')
#5 /var/www/html/site/game-n-share/wp/wp-load.php(42): require_once('/var/www/html/s...')
#6 /var/www/html/site/game-n-share/wp/wp-blog-header.php(13): require_once('/var/www/html/s...')
#7 /var/www/html/site/game-n-share/index.php(17): require('/var/www/html/s...')
#8 {main}
  thrown in /var/www/html/site/game-n-share/content/themes/gamenshare/inc/add-game.php on line 60
[11-Feb-2021 20:59:23 UTC] PHP Fatal error:  Uncaught Error: Call to undefined function wp_handle_upload() in /var/www/html/site/game-n-share/content/themes/gamenshare/inc/add-game.php:60
Stack trace:
#0 /var/www/html/site/game-n-share/wp/wp-includes/class-wp-hook.php(287): gamenshare_insert_game('')
#1 /var/www/html/site/game-n-share/wp/wp-includes/class-wp-hook.php(311): WP_Hook->apply_filters(NULL, Array)
#2 /var/www/html/site/game-n-share/wp/wp-includes/plugin.php(484): WP_Hook->do_action(Array)
#3 /var/www/html/site/game-n-share/wp/wp-settings.php(557): do_action('init')
#4 /var/www/html/site/game-n-share/wp-config.php(145): require_once('/var/www/html/s...')
#5 /var/www/html/site/game-n-share/wp/wp-load.php(42): require_once('/var/www/html/s...')
#6 /var/www/html/site/game-n-share/wp/wp-blog-header.php(13): require_once('/var/www/html/s...')
#7 /var/www/html/site/game-n-share/index.php(17): require('/var/www/html/s...')
#8 {main}
  thrown in /var/www/html/site/game-n-share/content/themes/gamenshare/inc/add-game.php on line 60
[11-Feb-2021 21:01:07 UTC] PHP Notice:  Undefined variable: attachement_id in /var/www/html/site/game-n-share/content/themes/gamenshare/inc/add-game.php on line 90
[11-Feb-2021 21:01:07 UTC] PHP Stack trace:
[11-Feb-2021 21:01:07 UTC] PHP   1. {main}() /var/www/html/site/game-n-share/index.php:0
[11-Feb-2021 21:01:07 UTC] PHP   2. require() /var/www/html/site/game-n-share/index.php:17
[11-Feb-2021 21:01:07 UTC] PHP   3. require_once() /var/www/html/site/game-n-share/wp/wp-blog-header.php:13
[11-Feb-2021 21:01:07 UTC] PHP   4. require_once() /var/www/html/site/game-n-share/wp/wp-load.php:42
[11-Feb-2021 21:01:07 UTC] PHP   5. require_once() /var/www/html/site/game-n-share/wp-config.php:145
[11-Feb-2021 21:01:07 UTC] PHP   6. do_action() /var/www/html/site/game-n-share/wp/wp-settings.php:557
[11-Feb-2021 21:01:07 UTC] PHP   7. WP_Hook->do_action() /var/www/html/site/game-n-share/wp/wp-includes/plugin.php:484
[11-Feb-2021 21:01:07 UTC] PHP   8. WP_Hook->apply_filters() /var/www/html/site/game-n-share/wp/wp-includes/class-wp-hook.php:311
[11-Feb-2021 21:01:07 UTC] PHP   9. gamenshare_insert_game() /var/www/html/site/game-n-share/wp/wp-includes/class-wp-hook.php:287
[11-Feb-2021 21:11:35 UTC] PHP Warning:  Cannot modify header information - headers already sent in /var/www/html/site/game-n-share/content/plugins/simply-show-hooks/index.php on line 84
[11-Feb-2021 21:11:35 UTC] PHP Stack trace:
[11-Feb-2021 21:11:35 UTC] PHP   1. {main}() /var/www/html/site/game-n-share/wp/wp-cron.php:0
[11-Feb-2021 21:11:35 UTC] PHP   2. require_once() /var/www/html/site/game-n-share/wp/wp-cron.php:44
[11-Feb-2021 21:11:35 UTC] PHP   3. require_once() /var/www/html/site/game-n-share/wp/wp-load.php:42
[11-Feb-2021 21:11:35 UTC] PHP   4. require_once() /var/www/html/site/game-n-share/wp-config.php:145
[11-Feb-2021 21:11:35 UTC] PHP   5. include_once() /var/www/html/site/game-n-share/wp/wp-settings.php:388
[11-Feb-2021 21:11:35 UTC] PHP   6. CX_Simply_Show_Hooks::get_instance() /var/www/html/site/game-n-share/content/plugins/simply-show-hooks/index.php:573
[11-Feb-2021 21:11:35 UTC] PHP   7. CX_Simply_Show_Hooks->init() /var/www/html/site/game-n-share/content/plugins/simply-show-hooks/index.php:39
[11-Feb-2021 21:11:35 UTC] PHP   8. CX_Simply_Show_Hooks->set_active_status() /var/www/html/site/game-n-share/content/plugins/simply-show-hooks/index.php:67
[11-Feb-2021 21:11:35 UTC] PHP   9. setcookie() /var/www/html/site/game-n-share/content/plugins/simply-show-hooks/index.php:84
[12-Feb-2021 11:11:10 UTC] PHP Notice:  Undefined variable: test in /var/www/html/site/game-n-share/content/themes/gamenshare/inc/add-game.php on line 70
[12-Feb-2021 11:11:10 UTC] PHP Stack trace:
[12-Feb-2021 11:11:10 UTC] PHP   1. {main}() /var/www/html/site/game-n-share/index.php:0
[12-Feb-2021 11:11:10 UTC] PHP   2. require() /var/www/html/site/game-n-share/index.php:17
[12-Feb-2021 11:11:10 UTC] PHP   3. require_once() /var/www/html/site/game-n-share/wp/wp-blog-header.php:13
[12-Feb-2021 11:11:10 UTC] PHP   4. require_once() /var/www/html/site/game-n-share/wp/wp-load.php:42
[12-Feb-2021 11:11:10 UTC] PHP   5. require_once() /var/www/html/site/game-n-share/wp-config.php:145
[12-Feb-2021 11:11:10 UTC] PHP   6. do_action() /var/www/html/site/game-n-share/wp/wp-settings.php:557
[12-Feb-2021 11:11:10 UTC] PHP   7. WP_Hook->do_action() /var/www/html/site/game-n-share/wp/wp-includes/plugin.php:484
[12-Feb-2021 11:11:10 UTC] PHP   8. WP_Hook->apply_filters() /var/www/html/site/game-n-share/wp/wp-includes/class-wp-hook.php:311
[12-Feb-2021 11:11:10 UTC] PHP   9. gamenshare_insert_game() /var/www/html/site/game-n-share/wp/wp-includes/class-wp-hook.php:287
[12-Feb-2021 11:11:22 UTC] PHP Warning:  Cannot modify header information - headers already sent in /var/www/html/site/game-n-share/content/plugins/simply-show-hooks/index.php on line 84
[12-Feb-2021 11:11:22 UTC] PHP Stack trace:
[12-Feb-2021 11:11:22 UTC] PHP   1. {main}() /var/www/html/site/game-n-share/wp/wp-cron.php:0
[12-Feb-2021 11:11:22 UTC] PHP   2. require_once() /var/www/html/site/game-n-share/wp/wp-cron.php:44
[12-Feb-2021 11:11:22 UTC] PHP   3. require_once() /var/www/html/site/game-n-share/wp/wp-load.php:42
[12-Feb-2021 11:11:22 UTC] PHP   4. require_once() /var/www/html/site/game-n-share/wp-config.php:145
[12-Feb-2021 11:11:22 UTC] PHP   5. include_once() /var/www/html/site/game-n-share/wp/wp-settings.php:388
[12-Feb-2021 11:11:22 UTC] PHP   6. CX_Simply_Show_Hooks::get_instance() /var/www/html/site/game-n-share/content/plugins/simply-show-hooks/index.php:573
[12-Feb-2021 11:11:22 UTC] PHP   7. CX_Simply_Show_Hooks->init() /var/www/html/site/game-n-share/content/plugins/simply-show-hooks/index.php:39
[12-Feb-2021 11:11:22 UTC] PHP   8. CX_Simply_Show_Hooks->set_active_status() /var/www/html/site/game-n-share/content/plugins/simply-show-hooks/index.php:67
[12-Feb-2021 11:11:22 UTC] PHP   9. setcookie() /var/www/html/site/game-n-share/content/plugins/simply-show-hooks/index.php:84
[12-Feb-2021 12:11:52 UTC] PHP Warning:  Cannot modify header information - headers already sent in /var/www/html/site/game-n-share/content/plugins/simply-show-hooks/index.php on line 84
[12-Feb-2021 12:11:52 UTC] PHP Stack trace:
[12-Feb-2021 12:11:52 UTC] PHP   1. {main}() /var/www/html/site/game-n-share/wp/wp-cron.php:0
[12-Feb-2021 12:11:52 UTC] PHP   2. require_once() /var/www/html/site/game-n-share/wp/wp-cron.php:44
[12-Feb-2021 12:11:52 UTC] PHP   3. require_once() /var/www/html/site/game-n-share/wp/wp-load.php:42
[12-Feb-2021 12:11:52 UTC] PHP   4. require_once() /var/www/html/site/game-n-share/wp-config.php:145
[12-Feb-2021 12:11:52 UTC] PHP   5. include_once() /var/www/html/site/game-n-share/wp/wp-settings.php:388
[12-Feb-2021 12:11:52 UTC] PHP   6. CX_Simply_Show_Hooks::get_instance() /var/www/html/site/game-n-share/content/plugins/simply-show-hooks/index.php:573
[12-Feb-2021 12:11:52 UTC] PHP   7. CX_Simply_Show_Hooks->init() /var/www/html/site/game-n-share/content/plugins/simply-show-hooks/index.php:39
[12-Feb-2021 12:11:52 UTC] PHP   8. CX_Simply_Show_Hooks->set_active_status() /var/www/html/site/game-n-share/content/plugins/simply-show-hooks/index.php:67
[12-Feb-2021 12:11:52 UTC] PHP   9. setcookie() /var/www/html/site/game-n-share/content/plugins/simply-show-hooks/index.php:84
[12-Feb-2021 13:11:25 UTC] PHP Warning:  Cannot modify header information - headers already sent in /var/www/html/site/game-n-share/content/plugins/simply-show-hooks/index.php on line 84
[12-Feb-2021 13:11:25 UTC] PHP Stack trace:
[12-Feb-2021 13:11:25 UTC] PHP   1. {main}() /var/www/html/site/game-n-share/wp/wp-cron.php:0
[12-Feb-2021 13:11:25 UTC] PHP   2. require_once() /var/www/html/site/game-n-share/wp/wp-cron.php:44
[12-Feb-2021 13:11:25 UTC] PHP   3. require_once() /var/www/html/site/game-n-share/wp/wp-load.php:42
[12-Feb-2021 13:11:25 UTC] PHP   4. require_once() /var/www/html/site/game-n-share/wp-config.php:145
[12-Feb-2021 13:11:25 UTC] PHP   5. include_once() /var/www/html/site/game-n-share/wp/wp-settings.php:388
[12-Feb-2021 13:11:25 UTC] PHP   6. CX_Simply_Show_Hooks::get_instance() /var/www/html/site/game-n-share/content/plugins/simply-show-hooks/index.php:573
[12-Feb-2021 13:11:25 UTC] PHP   7. CX_Simply_Show_Hooks->init() /var/www/html/site/game-n-share/content/plugins/simply-show-hooks/index.php:39
[12-Feb-2021 13:11:25 UTC] PHP   8. CX_Simply_Show_Hooks->set_active_status() /var/www/html/site/game-n-share/content/plugins/simply-show-hooks/index.php:67
[12-Feb-2021 13:11:25 UTC] PHP   9. setcookie() /var/www/html/site/game-n-share/content/plugins/simply-show-hooks/index.php:84
[12-Feb-2021 14:11:48 UTC] PHP Warning:  Cannot modify header information - headers already sent in /var/www/html/site/game-n-share/content/plugins/simply-show-hooks/index.php on line 84
[12-Feb-2021 14:11:48 UTC] PHP Stack trace:
[12-Feb-2021 14:11:48 UTC] PHP   1. {main}() /var/www/html/site/game-n-share/wp/wp-cron.php:0
[12-Feb-2021 14:11:48 UTC] PHP   2. require_once() /var/www/html/site/game-n-share/wp/wp-cron.php:44
[12-Feb-2021 14:11:48 UTC] PHP   3. require_once() /var/www/html/site/game-n-share/wp/wp-load.php:42
[12-Feb-2021 14:11:48 UTC] PHP   4. require_once() /var/www/html/site/game-n-share/wp-config.php:145
[12-Feb-2021 14:11:48 UTC] PHP   5. include_once() /var/www/html/site/game-n-share/wp/wp-settings.php:388
[12-Feb-2021 14:11:48 UTC] PHP   6. CX_Simply_Show_Hooks::get_instance() /var/www/html/site/game-n-share/content/plugins/simply-show-hooks/index.php:573
[12-Feb-2021 14:11:48 UTC] PHP   7. CX_Simply_Show_Hooks->init() /var/www/html/site/game-n-share/content/plugins/simply-show-hooks/index.php:39
[12-Feb-2021 14:11:48 UTC] PHP   8. CX_Simply_Show_Hooks->set_active_status() /var/www/html/site/game-n-share/content/plugins/simply-show-hooks/index.php:67
[12-Feb-2021 14:11:48 UTC] PHP   9. setcookie() /var/www/html/site/game-n-share/content/plugins/simply-show-hooks/index.php:84
[12-Feb-2021 15:12:11 UTC] PHP Warning:  Cannot modify header information - headers already sent in /var/www/html/site/game-n-share/content/plugins/simply-show-hooks/index.php on line 84
[12-Feb-2021 15:12:11 UTC] PHP Stack trace:
[12-Feb-2021 15:12:11 UTC] PHP   1. {main}() /var/www/html/site/game-n-share/wp/wp-cron.php:0
[12-Feb-2021 15:12:11 UTC] PHP   2. require_once() /var/www/html/site/game-n-share/wp/wp-cron.php:44
[12-Feb-2021 15:12:11 UTC] PHP   3. require_once() /var/www/html/site/game-n-share/wp/wp-load.php:42
[12-Feb-2021 15:12:11 UTC] PHP   4. require_once() /var/www/html/site/game-n-share/wp-config.php:145
[12-Feb-2021 15:12:11 UTC] PHP   5. include_once() /var/www/html/site/game-n-share/wp/wp-settings.php:388
[12-Feb-2021 15:12:11 UTC] PHP   6. CX_Simply_Show_Hooks::get_instance() /var/www/html/site/game-n-share/content/plugins/simply-show-hooks/index.php:573
[12-Feb-2021 15:12:11 UTC] PHP   7. CX_Simply_Show_Hooks->init() /var/www/html/site/game-n-share/content/plugins/simply-show-hooks/index.php:39
[12-Feb-2021 15:12:11 UTC] PHP   8. CX_Simply_Show_Hooks->set_active_status() /var/www/html/site/game-n-share/content/plugins/simply-show-hooks/index.php:67
[12-Feb-2021 15:12:11 UTC] PHP   9. setcookie() /var/www/html/site/game-n-share/content/plugins/simply-show-hooks/index.php:84
[12-Feb-2021 15:13:13 UTC] PHP Warning:  Cannot modify header information - headers already sent in /var/www/html/site/game-n-share/content/plugins/simply-show-hooks/index.php on line 84
[12-Feb-2021 15:13:13 UTC] PHP Stack trace:
[12-Feb-2021 15:13:13 UTC] PHP   1. {main}() /var/www/html/site/game-n-share/wp/wp-cron.php:0
[12-Feb-2021 15:13:13 UTC] PHP   2. require_once() /var/www/html/site/game-n-share/wp/wp-cron.php:44
[12-Feb-2021 15:13:13 UTC] PHP   3. require_once() /var/www/html/site/game-n-share/wp/wp-load.php:42
[12-Feb-2021 15:13:13 UTC] PHP   4. require_once() /var/www/html/site/game-n-share/wp-config.php:145
[12-Feb-2021 15:13:13 UTC] PHP   5. include_once() /var/www/html/site/game-n-share/wp/wp-settings.php:388
[12-Feb-2021 15:13:13 UTC] PHP   6. CX_Simply_Show_Hooks::get_instance() /var/www/html/site/game-n-share/content/plugins/simply-show-hooks/index.php:573
[12-Feb-2021 15:13:13 UTC] PHP   7. CX_Simply_Show_Hooks->init() /var/www/html/site/game-n-share/content/plugins/simply-show-hooks/index.php:39
[12-Feb-2021 15:13:13 UTC] PHP   8. CX_Simply_Show_Hooks->set_active_status() /var/www/html/site/game-n-share/content/plugins/simply-show-hooks/index.php:67
[12-Feb-2021 15:13:13 UTC] PHP   9. setcookie() /var/www/html/site/game-n-share/content/plugins/simply-show-hooks/index.php:84
[12-Feb-2021 16:11:38 UTC] PHP Warning:  Cannot modify header information - headers already sent in /var/www/html/site/game-n-share/content/plugins/simply-show-hooks/index.php on line 84
[12-Feb-2021 16:11:38 UTC] PHP Stack trace:
[12-Feb-2021 16:11:38 UTC] PHP   1. {main}() /var/www/html/site/game-n-share/wp/wp-cron.php:0
[12-Feb-2021 16:11:38 UTC] PHP   2. require_once() /var/www/html/site/game-n-share/wp/wp-cron.php:44
[12-Feb-2021 16:11:38 UTC] PHP   3. require_once() /var/www/html/site/game-n-share/wp/wp-load.php:42
[12-Feb-2021 16:11:38 UTC] PHP   4. require_once() /var/www/html/site/game-n-share/wp-config.php:145
[12-Feb-2021 16:11:38 UTC] PHP   5. include_once() /var/www/html/site/game-n-share/wp/wp-settings.php:388
[12-Feb-2021 16:11:38 UTC] PHP   6. CX_Simply_Show_Hooks::get_instance() /var/www/html/site/game-n-share/content/plugins/simply-show-hooks/index.php:573
[12-Feb-2021 16:11:38 UTC] PHP   7. CX_Simply_Show_Hooks->init() /var/www/html/site/game-n-share/content/plugins/simply-show-hooks/index.php:39
[12-Feb-2021 16:11:38 UTC] PHP   8. CX_Simply_Show_Hooks->set_active_status() /var/www/html/site/game-n-share/content/plugins/simply-show-hooks/index.php:67
[12-Feb-2021 16:11:38 UTC] PHP   9. setcookie() /var/www/html/site/game-n-share/content/plugins/simply-show-hooks/index.php:84
[12-Feb-2021 17:12:03 UTC] PHP Warning:  Cannot modify header information - headers already sent in /var/www/html/site/game-n-share/content/plugins/simply-show-hooks/index.php on line 84
[12-Feb-2021 17:12:03 UTC] PHP Stack trace:
[12-Feb-2021 17:12:03 UTC] PHP   1. {main}() /var/www/html/site/game-n-share/wp/wp-cron.php:0
[12-Feb-2021 17:12:03 UTC] PHP   2. require_once() /var/www/html/site/game-n-share/wp/wp-cron.php:44
[12-Feb-2021 17:12:03 UTC] PHP   3. require_once() /var/www/html/site/game-n-share/wp/wp-load.php:42
[12-Feb-2021 17:12:03 UTC] PHP   4. require_once() /var/www/html/site/game-n-share/wp-config.php:145
[12-Feb-2021 17:12:03 UTC] PHP   5. include_once() /var/www/html/site/game-n-share/wp/wp-settings.php:388
[12-Feb-2021 17:12:03 UTC] PHP   6. CX_Simply_Show_Hooks::get_instance() /var/www/html/site/game-n-share/content/plugins/simply-show-hooks/index.php:573
[12-Feb-2021 17:12:03 UTC] PHP   7. CX_Simply_Show_Hooks->init() /var/www/html/site/game-n-share/content/plugins/simply-show-hooks/index.php:39
[12-Feb-2021 17:12:03 UTC] PHP   8. CX_Simply_Show_Hooks->set_active_status() /var/www/html/site/game-n-share/content/plugins/simply-show-hooks/index.php:67
[12-Feb-2021 17:12:03 UTC] PHP   9. setcookie() /var/www/html/site/game-n-share/content/plugins/simply-show-hooks/index.php:84
[12-Feb-2021 18:11:24 UTC] PHP Warning:  Cannot modify header information - headers already sent in /var/www/html/site/game-n-share/content/plugins/simply-show-hooks/index.php on line 84
[12-Feb-2021 18:11:24 UTC] PHP Stack trace:
[12-Feb-2021 18:11:24 UTC] PHP   1. {main}() /var/www/html/site/game-n-share/wp/wp-cron.php:0
[12-Feb-2021 18:11:24 UTC] PHP   2. require_once() /var/www/html/site/game-n-share/wp/wp-cron.php:44
[12-Feb-2021 18:11:24 UTC] PHP   3. require_once() /var/www/html/site/game-n-share/wp/wp-load.php:42
[12-Feb-2021 18:11:24 UTC] PHP   4. require_once() /var/www/html/site/game-n-share/wp-config.php:145
[12-Feb-2021 18:11:24 UTC] PHP   5. include_once() /var/www/html/site/game-n-share/wp/wp-settings.php:388
[12-Feb-2021 18:11:24 UTC] PHP   6. CX_Simply_Show_Hooks::get_instance() /var/www/html/site/game-n-share/content/plugins/simply-show-hooks/index.php:573
[12-Feb-2021 18:11:24 UTC] PHP   7. CX_Simply_Show_Hooks->init() /var/www/html/site/game-n-share/content/plugins/simply-show-hooks/index.php:39
[12-Feb-2021 18:11:24 UTC] PHP   8. CX_Simply_Show_Hooks->set_active_status() /var/www/html/site/game-n-share/content/plugins/simply-show-hooks/index.php:67
[12-Feb-2021 18:11:24 UTC] PHP   9. setcookie() /var/www/html/site/game-n-share/content/plugins/simply-show-hooks/index.php:84
[12-Feb-2021 18:51:38 UTC] PHP Parse error:  syntax error, unexpected '"' in /var/www/html/site/game-n-share/content/themes/gamenshare/inc/add-game.php on line 152
[12-Feb-2021 18:52:46 UTC] PHP Parse error:  syntax error, unexpected '"' in /var/www/html/site/game-n-share/content/themes/gamenshare/inc/add-game.php on line 152
[12-Feb-2021 18:53:39 UTC] PHP Parse error:  syntax error, unexpected '"' in /var/www/html/site/game-n-share/content/themes/gamenshare/inc/add-game.php on line 152
[12-Feb-2021 18:54:47 UTC] PHP Parse error:  syntax error, unexpected '"' in /var/www/html/site/game-n-share/content/themes/gamenshare/inc/add-game.php on line 152
[12-Feb-2021 19:11:44 UTC] PHP Warning:  Cannot modify header information - headers already sent in /var/www/html/site/game-n-share/content/plugins/simply-show-hooks/index.php on line 84
[12-Feb-2021 19:11:44 UTC] PHP Stack trace:
[12-Feb-2021 19:11:44 UTC] PHP   1. {main}() /var/www/html/site/game-n-share/wp/wp-cron.php:0
[12-Feb-2021 19:11:44 UTC] PHP   2. require_once() /var/www/html/site/game-n-share/wp/wp-cron.php:44
[12-Feb-2021 19:11:44 UTC] PHP   3. require_once() /var/www/html/site/game-n-share/wp/wp-load.php:42
[12-Feb-2021 19:11:44 UTC] PHP   4. require_once() /var/www/html/site/game-n-share/wp-config.php:145
[12-Feb-2021 19:11:44 UTC] PHP   5. include_once() /var/www/html/site/game-n-share/wp/wp-settings.php:388
[12-Feb-2021 19:11:44 UTC] PHP   6. CX_Simply_Show_Hooks::get_instance() /var/www/html/site/game-n-share/content/plugins/simply-show-hooks/index.php:573
[12-Feb-2021 19:11:44 UTC] PHP   7. CX_Simply_Show_Hooks->init() /var/www/html/site/game-n-share/content/plugins/simply-show-hooks/index.php:39
[12-Feb-2021 19:11:44 UTC] PHP   8. CX_Simply_Show_Hooks->set_active_status() /var/www/html/site/game-n-share/content/plugins/simply-show-hooks/index.php:67
[12-Feb-2021 19:11:44 UTC] PHP   9. setcookie() /var/www/html/site/game-n-share/content/plugins/simply-show-hooks/index.php:84
[14-Feb-2021 18:08:31 UTC] PHP Notice:  Undefined variable: errors in /var/www/html/site/game-n-share/content/themes/gamenshare/inc/add-game.php on line 63
[14-Feb-2021 18:08:31 UTC] PHP Stack trace:
[14-Feb-2021 18:08:31 UTC] PHP   1. {main}() /var/www/html/site/game-n-share/wp/wp-login.php:0
[14-Feb-2021 18:08:31 UTC] PHP   2. require() /var/www/html/site/game-n-share/wp/wp-login.php:12
[14-Feb-2021 18:08:31 UTC] PHP   3. require_once() /var/www/html/site/game-n-share/wp/wp-load.php:42
[14-Feb-2021 18:08:31 UTC] PHP   4. require_once() /var/www/html/site/game-n-share/wp-config.php:145
[14-Feb-2021 18:08:31 UTC] PHP   5. do_action() /var/www/html/site/game-n-share/wp/wp-settings.php:557
[14-Feb-2021 18:08:31 UTC] PHP   6. WP_Hook->do_action() /var/www/html/site/game-n-share/wp/wp-includes/plugin.php:484
[14-Feb-2021 18:08:31 UTC] PHP   7. WP_Hook->apply_filters() /var/www/html/site/game-n-share/wp/wp-includes/class-wp-hook.php:311
[14-Feb-2021 18:08:31 UTC] PHP   8. gamenshare_insert_game() /var/www/html/site/game-n-share/wp/wp-includes/class-wp-hook.php:287
[14-Feb-2021 18:08:32 UTC] PHP Warning:  Cannot modify header information - headers already sent in /var/www/html/site/game-n-share/content/plugins/simply-show-hooks/index.php on line 84
[14-Feb-2021 18:08:32 UTC] PHP Stack trace:
[14-Feb-2021 18:08:32 UTC] PHP   1. {main}() /var/www/html/site/game-n-share/wp/wp-cron.php:0
[14-Feb-2021 18:08:32 UTC] PHP   2. require_once() /var/www/html/site/game-n-share/wp/wp-cron.php:44
[14-Feb-2021 18:08:32 UTC] PHP   3. require_once() /var/www/html/site/game-n-share/wp/wp-load.php:42
[14-Feb-2021 18:08:32 UTC] PHP   4. require_once() /var/www/html/site/game-n-share/wp-config.php:145
[14-Feb-2021 18:08:32 UTC] PHP   5. include_once() /var/www/html/site/game-n-share/wp/wp-settings.php:388
[14-Feb-2021 18:08:32 UTC] PHP   6. CX_Simply_Show_Hooks::get_instance() /var/www/html/site/game-n-share/content/plugins/simply-show-hooks/index.php:573
[14-Feb-2021 18:08:32 UTC] PHP   7. CX_Simply_Show_Hooks->init() /var/www/html/site/game-n-share/content/plugins/simply-show-hooks/index.php:39
[14-Feb-2021 18:08:32 UTC] PHP   8. CX_Simply_Show_Hooks->set_active_status() /var/www/html/site/game-n-share/content/plugins/simply-show-hooks/index.php:67
[14-Feb-2021 18:08:32 UTC] PHP   9. setcookie() /var/www/html/site/game-n-share/content/plugins/simply-show-hooks/index.php:84
[14-Feb-2021 18:08:32 UTC] PHP Notice:  Undefined variable: errors in /var/www/html/site/game-n-share/content/themes/gamenshare/inc/add-game.php on line 63
[14-Feb-2021 18:08:32 UTC] PHP Stack trace:
[14-Feb-2021 18:08:32 UTC] PHP   1. {main}() /var/www/html/site/game-n-share/wp/wp-cron.php:0
[14-Feb-2021 18:08:32 UTC] PHP   2. require_once() /var/www/html/site/game-n-share/wp/wp-cron.php:44
[14-Feb-2021 18:08:32 UTC] PHP   3. require_once() /var/www/html/site/game-n-share/wp/wp-load.php:42
[14-Feb-2021 18:08:32 UTC] PHP   4. require_once() /var/www/html/site/game-n-share/wp-config.php:145
[14-Feb-2021 18:08:32 UTC] PHP   5. do_action() /var/www/html/site/game-n-share/wp/wp-settings.php:557
[14-Feb-2021 18:08:32 UTC] PHP   6. WP_Hook->do_action() /var/www/html/site/game-n-share/wp/wp-includes/plugin.php:484
[14-Feb-2021 18:08:32 UTC] PHP   7. WP_Hook->apply_filters() /var/www/html/site/game-n-share/wp/wp-includes/class-wp-hook.php:311
[14-Feb-2021 18:08:32 UTC] PHP   8. gamenshare_insert_game() /var/www/html/site/game-n-share/wp/wp-includes/class-wp-hook.php:287
[14-Feb-2021 18:11:29 UTC] PHP Warning:  Cannot modify header information - headers already sent in /var/www/html/site/game-n-share/content/plugins/simply-show-hooks/index.php on line 84
[14-Feb-2021 18:11:29 UTC] PHP Stack trace:
[14-Feb-2021 18:11:29 UTC] PHP   1. {main}() /var/www/html/site/game-n-share/wp/wp-cron.php:0
[14-Feb-2021 18:11:29 UTC] PHP   2. require_once() /var/www/html/site/game-n-share/wp/wp-cron.php:44
[14-Feb-2021 18:11:29 UTC] PHP   3. require_once() /var/www/html/site/game-n-share/wp/wp-load.php:42
[14-Feb-2021 18:11:29 UTC] PHP   4. require_once() /var/www/html/site/game-n-share/wp-config.php:145
[14-Feb-2021 18:11:29 UTC] PHP   5. include_once() /var/www/html/site/game-n-share/wp/wp-settings.php:388
[14-Feb-2021 18:11:29 UTC] PHP   6. CX_Simply_Show_Hooks::get_instance() /var/www/html/site/game-n-share/content/plugins/simply-show-hooks/index.php:573
[14-Feb-2021 18:11:29 UTC] PHP   7. CX_Simply_Show_Hooks->init() /var/www/html/site/game-n-share/content/plugins/simply-show-hooks/index.php:39
[14-Feb-2021 18:11:29 UTC] PHP   8. CX_Simply_Show_Hooks->set_active_status() /var/www/html/site/game-n-share/content/plugins/simply-show-hooks/index.php:67
[14-Feb-2021 18:11:29 UTC] PHP   9. setcookie() /var/www/html/site/game-n-share/content/plugins/simply-show-hooks/index.php:84
[14-Feb-2021 18:11:30 UTC] PHP Notice:  Undefined variable: errors in /var/www/html/site/game-n-share/content/themes/gamenshare/inc/add-game.php on line 63
[14-Feb-2021 18:11:30 UTC] PHP Stack trace:
[14-Feb-2021 18:11:30 UTC] PHP   1. {main}() /var/www/html/site/game-n-share/wp/wp-cron.php:0
[14-Feb-2021 18:11:30 UTC] PHP   2. require_once() /var/www/html/site/game-n-share/wp/wp-cron.php:44
[14-Feb-2021 18:11:30 UTC] PHP   3. require_once() /var/www/html/site/game-n-share/wp/wp-load.php:42
[14-Feb-2021 18:11:30 UTC] PHP   4. require_once() /var/www/html/site/game-n-share/wp-config.php:145
[14-Feb-2021 18:11:30 UTC] PHP   5. do_action() /var/www/html/site/game-n-share/wp/wp-settings.php:557
[14-Feb-2021 18:11:30 UTC] PHP   6. WP_Hook->do_action() /var/www/html/site/game-n-share/wp/wp-includes/plugin.php:484
[14-Feb-2021 18:11:30 UTC] PHP   7. WP_Hook->apply_filters() /var/www/html/site/game-n-share/wp/wp-includes/class-wp-hook.php:311
[14-Feb-2021 18:11:30 UTC] PHP   8. gamenshare_insert_game() /var/www/html/site/game-n-share/wp/wp-includes/class-wp-hook.php:287
[14-Feb-2021 20:10:46 UTC] PHP Warning:  Cannot modify header information - headers already sent in /var/www/html/site/game-n-share/content/plugins/simply-show-hooks/index.php on line 84
[14-Feb-2021 20:10:46 UTC] PHP Stack trace:
[14-Feb-2021 20:10:46 UTC] PHP   1. {main}() /var/www/html/site/game-n-share/wp/wp-cron.php:0
[14-Feb-2021 20:10:46 UTC] PHP   2. require_once() /var/www/html/site/game-n-share/wp/wp-cron.php:44
[14-Feb-2021 20:10:46 UTC] PHP   3. require_once() /var/www/html/site/game-n-share/wp/wp-load.php:42
[14-Feb-2021 20:10:46 UTC] PHP   4. require_once() /var/www/html/site/game-n-share/wp-config.php:145
[14-Feb-2021 20:10:46 UTC] PHP   5. include_once() /var/www/html/site/game-n-share/wp/wp-settings.php:388
[14-Feb-2021 20:10:46 UTC] PHP   6. CX_Simply_Show_Hooks::get_instance() /var/www/html/site/game-n-share/content/plugins/simply-show-hooks/index.php:573
[14-Feb-2021 20:10:46 UTC] PHP   7. CX_Simply_Show_Hooks->init() /var/www/html/site/game-n-share/content/plugins/simply-show-hooks/index.php:39
[14-Feb-2021 20:10:46 UTC] PHP   8. CX_Simply_Show_Hooks->set_active_status() /var/www/html/site/game-n-share/content/plugins/simply-show-hooks/index.php:67
[14-Feb-2021 20:10:46 UTC] PHP   9. setcookie() /var/www/html/site/game-n-share/content/plugins/simply-show-hooks/index.php:84
[14-Feb-2021 20:10:46 UTC] PHP Notice:  Undefined variable: errors in /var/www/html/site/game-n-share/content/themes/gamenshare/inc/add-game.php on line 67
[14-Feb-2021 20:10:46 UTC] PHP Stack trace:
[14-Feb-2021 20:10:46 UTC] PHP   1. {main}() /var/www/html/site/game-n-share/wp/wp-cron.php:0
[14-Feb-2021 20:10:46 UTC] PHP   2. require_once() /var/www/html/site/game-n-share/wp/wp-cron.php:44
[14-Feb-2021 20:10:46 UTC] PHP   3. require_once() /var/www/html/site/game-n-share/wp/wp-load.php:42
[14-Feb-2021 20:10:46 UTC] PHP   4. require_once() /var/www/html/site/game-n-share/wp-config.php:145
[14-Feb-2021 20:10:46 UTC] PHP   5. do_action() /var/www/html/site/game-n-share/wp/wp-settings.php:557
[14-Feb-2021 20:10:46 UTC] PHP   6. WP_Hook->do_action() /var/www/html/site/game-n-share/wp/wp-includes/plugin.php:484
[14-Feb-2021 20:10:46 UTC] PHP   7. WP_Hook->apply_filters() /var/www/html/site/game-n-share/wp/wp-includes/class-wp-hook.php:311
[14-Feb-2021 20:10:46 UTC] PHP   8. gamenshare_insert_game() /var/www/html/site/game-n-share/wp/wp-includes/class-wp-hook.php:287
[14-Feb-2021 20:11:56 UTC] PHP Warning:  Cannot modify header information - headers already sent in /var/www/html/site/game-n-share/content/plugins/simply-show-hooks/index.php on line 84
[14-Feb-2021 20:11:56 UTC] PHP Stack trace:
[14-Feb-2021 20:11:56 UTC] PHP   1. {main}() /var/www/html/site/game-n-share/wp/wp-cron.php:0
[14-Feb-2021 20:11:56 UTC] PHP   2. require_once() /var/www/html/site/game-n-share/wp/wp-cron.php:44
[14-Feb-2021 20:11:56 UTC] PHP   3. require_once() /var/www/html/site/game-n-share/wp/wp-load.php:42
[14-Feb-2021 20:11:56 UTC] PHP   4. require_once() /var/www/html/site/game-n-share/wp-config.php:145
[14-Feb-2021 20:11:56 UTC] PHP   5. include_once() /var/www/html/site/game-n-share/wp/wp-settings.php:388
[14-Feb-2021 20:11:56 UTC] PHP   6. CX_Simply_Show_Hooks::get_instance() /var/www/html/site/game-n-share/content/plugins/simply-show-hooks/index.php:573
[14-Feb-2021 20:11:56 UTC] PHP   7. CX_Simply_Show_Hooks->init() /var/www/html/site/game-n-share/content/plugins/simply-show-hooks/index.php:39
[14-Feb-2021 20:11:56 UTC] PHP   8. CX_Simply_Show_Hooks->set_active_status() /var/www/html/site/game-n-share/content/plugins/simply-show-hooks/index.php:67
[14-Feb-2021 20:11:56 UTC] PHP   9. setcookie() /var/www/html/site/game-n-share/content/plugins/simply-show-hooks/index.php:84
[14-Feb-2021 20:11:57 UTC] PHP Notice:  Undefined variable: errors in /var/www/html/site/game-n-share/content/themes/gamenshare/inc/add-game.php on line 67
[14-Feb-2021 20:11:57 UTC] PHP Stack trace:
[14-Feb-2021 20:11:57 UTC] PHP   1. {main}() /var/www/html/site/game-n-share/wp/wp-cron.php:0
[14-Feb-2021 20:11:57 UTC] PHP   2. require_once() /var/www/html/site/game-n-share/wp/wp-cron.php:44
[14-Feb-2021 20:11:57 UTC] PHP   3. require_once() /var/www/html/site/game-n-share/wp/wp-load.php:42
[14-Feb-2021 20:11:57 UTC] PHP   4. require_once() /var/www/html/site/game-n-share/wp-config.php:145
[14-Feb-2021 20:11:57 UTC] PHP   5. do_action() /var/www/html/site/game-n-share/wp/wp-settings.php:557
[14-Feb-2021 20:11:57 UTC] PHP   6. WP_Hook->do_action() /var/www/html/site/game-n-share/wp/wp-includes/plugin.php:484
[14-Feb-2021 20:11:57 UTC] PHP   7. WP_Hook->apply_filters() /var/www/html/site/game-n-share/wp/wp-includes/class-wp-hook.php:311
[14-Feb-2021 20:11:57 UTC] PHP   8. gamenshare_insert_game() /var/www/html/site/game-n-share/wp/wp-includes/class-wp-hook.php:287
[14-Feb-2021 20:15:12 UTC] PHP Notice:  Undefined index: post-genre in /var/www/html/site/game-n-share/content/themes/gamenshare/inc/add-game.php on line 25
[14-Feb-2021 20:15:12 UTC] PHP Stack trace:
[14-Feb-2021 20:15:12 UTC] PHP   1. {main}() /var/www/html/site/game-n-share/index.php:0
[14-Feb-2021 20:15:12 UTC] PHP   2. require() /var/www/html/site/game-n-share/index.php:17
[14-Feb-2021 20:15:12 UTC] PHP   3. require_once() /var/www/html/site/game-n-share/wp/wp-blog-header.php:13
[14-Feb-2021 20:15:12 UTC] PHP   4. require_once() /var/www/html/site/game-n-share/wp/wp-load.php:42
[14-Feb-2021 20:15:12 UTC] PHP   5. require_once() /var/www/html/site/game-n-share/wp-config.php:145
[14-Feb-2021 20:15:12 UTC] PHP   6. do_action() /var/www/html/site/game-n-share/wp/wp-settings.php:557
[14-Feb-2021 20:15:12 UTC] PHP   7. WP_Hook->do_action() /var/www/html/site/game-n-share/wp/wp-includes/plugin.php:484
[14-Feb-2021 20:15:12 UTC] PHP   8. WP_Hook->apply_filters() /var/www/html/site/game-n-share/wp/wp-includes/class-wp-hook.php:311
[14-Feb-2021 20:15:12 UTC] PHP   9. gamenshare_insert_game() /var/www/html/site/game-n-share/wp/wp-includes/class-wp-hook.php:287
[14-Feb-2021 20:15:12 UTC] PHP Notice:  Undefined index: post-plateform in /var/www/html/site/game-n-share/content/themes/gamenshare/inc/add-game.php on line 26
[14-Feb-2021 20:15:12 UTC] PHP Stack trace:
[14-Feb-2021 20:15:12 UTC] PHP   1. {main}() /var/www/html/site/game-n-share/index.php:0
[14-Feb-2021 20:15:12 UTC] PHP   2. require() /var/www/html/site/game-n-share/index.php:17
[14-Feb-2021 20:15:12 UTC] PHP   3. require_once() /var/www/html/site/game-n-share/wp/wp-blog-header.php:13
[14-Feb-2021 20:15:12 UTC] PHP   4. require_once() /var/www/html/site/game-n-share/wp/wp-load.php:42
[14-Feb-2021 20:15:12 UTC] PHP   5. require_once() /var/www/html/site/game-n-share/wp-config.php:145
[14-Feb-2021 20:15:12 UTC] PHP   6. do_action() /var/www/html/site/game-n-share/wp/wp-settings.php:557
[14-Feb-2021 20:15:12 UTC] PHP   7. WP_Hook->do_action() /var/www/html/site/game-n-share/wp/wp-includes/plugin.php:484
[14-Feb-2021 20:15:12 UTC] PHP   8. WP_Hook->apply_filters() /var/www/html/site/game-n-share/wp/wp-includes/class-wp-hook.php:311
[14-Feb-2021 20:15:12 UTC] PHP   9. gamenshare_insert_game() /var/www/html/site/game-n-share/wp/wp-includes/class-wp-hook.php:287
[14-Feb-2021 20:28:50 UTC] PHP Parse error:  syntax error, unexpected 'echo' (T_ECHO), expecting ';' in /var/www/html/site/game-n-share/content/themes/gamenshare/inc/add-game.php on line 67
[14-Feb-2021 20:47:54 UTC] PHP Notice:  Undefined index: post-genre in /var/www/html/site/game-n-share/content/themes/gamenshare/inc/add-game.php on line 25
[14-Feb-2021 20:47:54 UTC] PHP Stack trace:
[14-Feb-2021 20:47:54 UTC] PHP   1. {main}() /var/www/html/site/game-n-share/index.php:0
[14-Feb-2021 20:47:54 UTC] PHP   2. require() /var/www/html/site/game-n-share/index.php:17
[14-Feb-2021 20:47:54 UTC] PHP   3. require_once() /var/www/html/site/game-n-share/wp/wp-blog-header.php:13
[14-Feb-2021 20:47:54 UTC] PHP   4. require_once() /var/www/html/site/game-n-share/wp/wp-load.php:42
[14-Feb-2021 20:47:54 UTC] PHP   5. require_once() /var/www/html/site/game-n-share/wp-config.php:145
[14-Feb-2021 20:47:54 UTC] PHP   6. do_action() /var/www/html/site/game-n-share/wp/wp-settings.php:557
[14-Feb-2021 20:47:54 UTC] PHP   7. WP_Hook->do_action() /var/www/html/site/game-n-share/wp/wp-includes/plugin.php:484
[14-Feb-2021 20:47:54 UTC] PHP   8. WP_Hook->apply_filters() /var/www/html/site/game-n-share/wp/wp-includes/class-wp-hook.php:311
[14-Feb-2021 20:47:54 UTC] PHP   9. gamenshare_insert_game() /var/www/html/site/game-n-share/wp/wp-includes/class-wp-hook.php:287
[14-Feb-2021 20:47:54 UTC] PHP Notice:  Undefined index: post-plateform in /var/www/html/site/game-n-share/content/themes/gamenshare/inc/add-game.php on line 26
[14-Feb-2021 20:47:54 UTC] PHP Stack trace:
[14-Feb-2021 20:47:54 UTC] PHP   1. {main}() /var/www/html/site/game-n-share/index.php:0
[14-Feb-2021 20:47:54 UTC] PHP   2. require() /var/www/html/site/game-n-share/index.php:17
[14-Feb-2021 20:47:54 UTC] PHP   3. require_once() /var/www/html/site/game-n-share/wp/wp-blog-header.php:13
[14-Feb-2021 20:47:54 UTC] PHP   4. require_once() /var/www/html/site/game-n-share/wp/wp-load.php:42
[14-Feb-2021 20:47:54 UTC] PHP   5. require_once() /var/www/html/site/game-n-share/wp-config.php:145
[14-Feb-2021 20:47:54 UTC] PHP   6. do_action() /var/www/html/site/game-n-share/wp/wp-settings.php:557
[14-Feb-2021 20:47:54 UTC] PHP   7. WP_Hook->do_action() /var/www/html/site/game-n-share/wp/wp-includes/plugin.php:484
[14-Feb-2021 20:47:54 UTC] PHP   8. WP_Hook->apply_filters() /var/www/html/site/game-n-share/wp/wp-includes/class-wp-hook.php:311
[14-Feb-2021 20:47:54 UTC] PHP   9. gamenshare_insert_game() /var/www/html/site/game-n-share/wp/wp-includes/class-wp-hook.php:287
[14-Feb-2021 20:48:24 UTC] PHP Notice:  Undefined index: post-genre in /var/www/html/site/game-n-share/content/themes/gamenshare/inc/add-game.php on line 25
[14-Feb-2021 20:48:24 UTC] PHP Stack trace:
[14-Feb-2021 20:48:24 UTC] PHP   1. {main}() /var/www/html/site/game-n-share/index.php:0
[14-Feb-2021 20:48:24 UTC] PHP   2. require() /var/www/html/site/game-n-share/index.php:17
[14-Feb-2021 20:48:24 UTC] PHP   3. require_once() /var/www/html/site/game-n-share/wp/wp-blog-header.php:13
[14-Feb-2021 20:48:24 UTC] PHP   4. require_once() /var/www/html/site/game-n-share/wp/wp-load.php:42
[14-Feb-2021 20:48:24 UTC] PHP   5. require_once() /var/www/html/site/game-n-share/wp-config.php:145
[14-Feb-2021 20:48:24 UTC] PHP   6. do_action() /var/www/html/site/game-n-share/wp/wp-settings.php:557
[14-Feb-2021 20:48:24 UTC] PHP   7. WP_Hook->do_action() /var/www/html/site/game-n-share/wp/wp-includes/plugin.php:484
[14-Feb-2021 20:48:24 UTC] PHP   8. WP_Hook->apply_filters() /var/www/html/site/game-n-share/wp/wp-includes/class-wp-hook.php:311
[14-Feb-2021 20:48:24 UTC] PHP   9. gamenshare_insert_game() /var/www/html/site/game-n-share/wp/wp-includes/class-wp-hook.php:287
[14-Feb-2021 21:08:52 UTC] PHP Notice:  Undefined index: post-genre in /var/www/html/site/game-n-share/content/themes/gamenshare/inc/add-game.php on line 25
[14-Feb-2021 21:08:52 UTC] PHP Stack trace:
[14-Feb-2021 21:08:52 UTC] PHP   1. {main}() /var/www/html/site/game-n-share/index.php:0
[14-Feb-2021 21:08:52 UTC] PHP   2. require() /var/www/html/site/game-n-share/index.php:17
[14-Feb-2021 21:08:52 UTC] PHP   3. require_once() /var/www/html/site/game-n-share/wp/wp-blog-header.php:13
[14-Feb-2021 21:08:52 UTC] PHP   4. require_once() /var/www/html/site/game-n-share/wp/wp-load.php:42
[14-Feb-2021 21:08:52 UTC] PHP   5. require_once() /var/www/html/site/game-n-share/wp-config.php:145
[14-Feb-2021 21:08:52 UTC] PHP   6. do_action() /var/www/html/site/game-n-share/wp/wp-settings.php:557
[14-Feb-2021 21:08:52 UTC] PHP   7. WP_Hook->do_action() /var/www/html/site/game-n-share/wp/wp-includes/plugin.php:484
[14-Feb-2021 21:08:52 UTC] PHP   8. WP_Hook->apply_filters() /var/www/html/site/game-n-share/wp/wp-includes/class-wp-hook.php:311
[14-Feb-2021 21:08:52 UTC] PHP   9. gamenshare_insert_game() /var/www/html/site/game-n-share/wp/wp-includes/class-wp-hook.php:287
[14-Feb-2021 21:15:20 UTC] PHP Warning:  Cannot modify header information - headers already sent in /var/www/html/site/game-n-share/content/plugins/simply-show-hooks/index.php on line 84
[14-Feb-2021 21:15:20 UTC] PHP Stack trace:
[14-Feb-2021 21:15:20 UTC] PHP   1. {main}() /var/www/html/site/game-n-share/wp/wp-cron.php:0
[14-Feb-2021 21:15:20 UTC] PHP   2. require_once() /var/www/html/site/game-n-share/wp/wp-cron.php:44
[14-Feb-2021 21:15:20 UTC] PHP   3. require_once() /var/www/html/site/game-n-share/wp/wp-load.php:42
[14-Feb-2021 21:15:20 UTC] PHP   4. require_once() /var/www/html/site/game-n-share/wp-config.php:145
[14-Feb-2021 21:15:20 UTC] PHP   5. include_once() /var/www/html/site/game-n-share/wp/wp-settings.php:388
[14-Feb-2021 21:15:20 UTC] PHP   6. CX_Simply_Show_Hooks::get_instance() /var/www/html/site/game-n-share/content/plugins/simply-show-hooks/index.php:573
[14-Feb-2021 21:15:20 UTC] PHP   7. CX_Simply_Show_Hooks->init() /var/www/html/site/game-n-share/content/plugins/simply-show-hooks/index.php:39
[14-Feb-2021 21:15:20 UTC] PHP   8. CX_Simply_Show_Hooks->set_active_status() /var/www/html/site/game-n-share/content/plugins/simply-show-hooks/index.php:67
[14-Feb-2021 21:15:20 UTC] PHP   9. setcookie() /var/www/html/site/game-n-share/content/plugins/simply-show-hooks/index.php:84
[14-Feb-2021 21:15:21 UTC] PHP Notice:  Undefined variable: errors in /var/www/html/site/game-n-share/content/themes/gamenshare/inc/add-game.php on line 79
[14-Feb-2021 21:15:21 UTC] PHP Stack trace:
[14-Feb-2021 21:15:21 UTC] PHP   1. {main}() /var/www/html/site/game-n-share/wp/wp-cron.php:0
[14-Feb-2021 21:15:21 UTC] PHP   2. require_once() /var/www/html/site/game-n-share/wp/wp-cron.php:44
[14-Feb-2021 21:15:21 UTC] PHP   3. require_once() /var/www/html/site/game-n-share/wp/wp-load.php:42
[14-Feb-2021 21:15:21 UTC] PHP   4. require_once() /var/www/html/site/game-n-share/wp-config.php:145
[14-Feb-2021 21:15:21 UTC] PHP   5. do_action() /var/www/html/site/game-n-share/wp/wp-settings.php:557
[14-Feb-2021 21:15:21 UTC] PHP   6. WP_Hook->do_action() /var/www/html/site/game-n-share/wp/wp-includes/plugin.php:484
[14-Feb-2021 21:15:21 UTC] PHP   7. WP_Hook->apply_filters() /var/www/html/site/game-n-share/wp/wp-includes/class-wp-hook.php:311
[14-Feb-2021 21:15:21 UTC] PHP   8. gamenshare_insert_game() /var/www/html/site/game-n-share/wp/wp-includes/class-wp-hook.php:287
[15-Feb-2021 14:49:43 UTC] PHP Notice:  Undefined variable: errors in /var/www/html/site/game-n-share/content/themes/gamenshare/inc/add-game.php on line 80
[15-Feb-2021 14:49:43 UTC] PHP Notice:  Undefined variable: errors in /var/www/html/site/game-n-share/content/themes/gamenshare/inc/add-game.php on line 80
[15-Feb-2021 14:49:43 UTC] PHP Stack trace:
[15-Feb-2021 14:49:43 UTC] PHP Stack trace:
[15-Feb-2021 14:49:43 UTC] PHP   1. {main}() /var/www/html/site/game-n-share/index.php:0
[15-Feb-2021 14:49:43 UTC] PHP   1. {main}() /var/www/html/site/game-n-share/wp/wp-admin/admin-ajax.php:0
[15-Feb-2021 14:49:43 UTC] PHP   2. require() /var/www/html/site/game-n-share/index.php:17
[15-Feb-2021 14:49:43 UTC] PHP   2. require_once() /var/www/html/site/game-n-share/wp/wp-admin/admin-ajax.php:22
[15-Feb-2021 14:49:43 UTC] PHP   3. require_once() /var/www/html/site/game-n-share/wp/wp-blog-header.php:13
[15-Feb-2021 14:49:43 UTC] PHP   3. require_once() /var/www/html/site/game-n-share/wp/wp-load.php:42
[15-Feb-2021 14:49:43 UTC] PHP   4. require_once() /var/www/html/site/game-n-share/wp/wp-load.php:42
[15-Feb-2021 14:49:43 UTC] PHP   4. require_once() /var/www/html/site/game-n-share/wp-config.php:145
[15-Feb-2021 14:49:43 UTC] PHP   5. require_once() /var/www/html/site/game-n-share/wp-config.php:145
[15-Feb-2021 14:49:43 UTC] PHP   5. do_action() /var/www/html/site/game-n-share/wp/wp-settings.php:557
[15-Feb-2021 14:49:43 UTC] PHP   6. do_action() /var/www/html/site/game-n-share/wp/wp-settings.php:557
[15-Feb-2021 14:49:43 UTC] PHP   6. WP_Hook->do_action() /var/www/html/site/game-n-share/wp/wp-includes/plugin.php:484
[15-Feb-2021 14:49:43 UTC] PHP   7. WP_Hook->do_action() /var/www/html/site/game-n-share/wp/wp-includes/plugin.php:484
[15-Feb-2021 14:49:43 UTC] PHP   7. WP_Hook->apply_filters() /var/www/html/site/game-n-share/wp/wp-includes/class-wp-hook.php:311
[15-Feb-2021 14:49:43 UTC] PHP   8. WP_Hook->apply_filters() /var/www/html/site/game-n-share/wp/wp-includes/class-wp-hook.php:311
[15-Feb-2021 14:49:43 UTC] PHP   8. gamenshare_insert_game() /var/www/html/site/game-n-share/wp/wp-includes/class-wp-hook.php:287
[15-Feb-2021 14:49:43 UTC] PHP   9. gamenshare_insert_game() /var/www/html/site/game-n-share/wp/wp-includes/class-wp-hook.php:287
[15-Feb-2021 14:49:46 UTC] PHP Notice:  Undefined variable: errors in /var/www/html/site/game-n-share/content/themes/gamenshare/inc/add-game.php on line 80
[15-Feb-2021 14:49:46 UTC] PHP Stack trace:
[15-Feb-2021 14:49:46 UTC] PHP   1. {main}() /var/www/html/site/game-n-share/index.php:0
[15-Feb-2021 14:49:46 UTC] PHP   2. require() /var/www/html/site/game-n-share/index.php:17
[15-Feb-2021 14:49:46 UTC] PHP   3. require_once() /var/www/html/site/game-n-share/wp/wp-blog-header.php:13
[15-Feb-2021 14:49:46 UTC] PHP   4. require_once() /var/www/html/site/game-n-share/wp/wp-load.php:42
[15-Feb-2021 14:49:46 UTC] PHP   5. require_once() /var/www/html/site/game-n-share/wp-config.php:145
[15-Feb-2021 14:49:46 UTC] PHP   6. do_action() /var/www/html/site/game-n-share/wp/wp-settings.php:557
[15-Feb-2021 14:49:46 UTC] PHP   7. WP_Hook->do_action() /var/www/html/site/game-n-share/wp/wp-includes/plugin.php:484
[15-Feb-2021 14:49:46 UTC] PHP   8. WP_Hook->apply_filters() /var/www/html/site/game-n-share/wp/wp-includes/class-wp-hook.php:311
[15-Feb-2021 14:49:46 UTC] PHP   9. gamenshare_insert_game() /var/www/html/site/game-n-share/wp/wp-includes/class-wp-hook.php:287
[15-Feb-2021 14:51:34 UTC] PHP Notice:  Undefined variable: errors in /var/www/html/site/game-n-share/content/themes/gamenshare/inc/add-game.php on line 80
[15-Feb-2021 14:51:34 UTC] PHP Stack trace:
[15-Feb-2021 14:51:34 UTC] PHP   1. {main}() /var/www/html/site/game-n-share/wp/wp-admin/admin-ajax.php:0
[15-Feb-2021 14:51:34 UTC] PHP   2. require_once() /var/www/html/site/game-n-share/wp/wp-admin/admin-ajax.php:22
[15-Feb-2021 14:51:34 UTC] PHP   3. require_once() /var/www/html/site/game-n-share/wp/wp-load.php:42
[15-Feb-2021 14:51:34 UTC] PHP   4. require_once() /var/www/html/site/game-n-share/wp-config.php:145
[15-Feb-2021 14:51:34 UTC] PHP   5. do_action() /var/www/html/site/game-n-share/wp/wp-settings.php:557
[15-Feb-2021 14:51:34 UTC] PHP   6. WP_Hook->do_action() /var/www/html/site/game-n-share/wp/wp-includes/plugin.php:484
[15-Feb-2021 14:51:34 UTC] PHP   7. WP_Hook->apply_filters() /var/www/html/site/game-n-share/wp/wp-includes/class-wp-hook.php:311
[15-Feb-2021 14:51:34 UTC] PHP   8. gamenshare_insert_game() /var/www/html/site/game-n-share/wp/wp-includes/class-wp-hook.php:287
[15-Feb-2021 14:53:35 UTC] PHP Notice:  Undefined variable: errors in /var/www/html/site/game-n-share/content/themes/gamenshare/inc/add-game.php on line 80
[15-Feb-2021 14:53:35 UTC] PHP Stack trace:
[15-Feb-2021 14:53:35 UTC] PHP   1. {main}() /var/www/html/site/game-n-share/wp/wp-admin/admin-ajax.php:0
[15-Feb-2021 14:53:35 UTC] PHP   2. require_once() /var/www/html/site/game-n-share/wp/wp-admin/admin-ajax.php:22
[15-Feb-2021 14:53:35 UTC] PHP   3. require_once() /var/www/html/site/game-n-share/wp/wp-load.php:42
[15-Feb-2021 14:53:35 UTC] PHP   4. require_once() /var/www/html/site/game-n-share/wp-config.php:145
[15-Feb-2021 14:53:35 UTC] PHP   5. do_action() /var/www/html/site/game-n-share/wp/wp-settings.php:557
[15-Feb-2021 14:53:35 UTC] PHP   6. WP_Hook->do_action() /var/www/html/site/game-n-share/wp/wp-includes/plugin.php:484
[15-Feb-2021 14:53:35 UTC] PHP   7. WP_Hook->apply_filters() /var/www/html/site/game-n-share/wp/wp-includes/class-wp-hook.php:311
[15-Feb-2021 14:53:35 UTC] PHP   8. gamenshare_insert_game() /var/www/html/site/game-n-share/wp/wp-includes/class-wp-hook.php:287
[15-Feb-2021 14:55:36 UTC] PHP Notice:  Undefined variable: errors in /var/www/html/site/game-n-share/content/themes/gamenshare/inc/add-game.php on line 80
[15-Feb-2021 14:55:36 UTC] PHP Stack trace:
[15-Feb-2021 14:55:36 UTC] PHP   1. {main}() /var/www/html/site/game-n-share/wp/wp-admin/admin-ajax.php:0
[15-Feb-2021 14:55:36 UTC] PHP   2. require_once() /var/www/html/site/game-n-share/wp/wp-admin/admin-ajax.php:22
[15-Feb-2021 14:55:36 UTC] PHP   3. require_once() /var/www/html/site/game-n-share/wp/wp-load.php:42
[15-Feb-2021 14:55:36 UTC] PHP   4. require_once() /var/www/html/site/game-n-share/wp-config.php:145
[15-Feb-2021 14:55:36 UTC] PHP   5. do_action() /var/www/html/site/game-n-share/wp/wp-settings.php:557
[15-Feb-2021 14:55:36 UTC] PHP   6. WP_Hook->do_action() /var/www/html/site/game-n-share/wp/wp-includes/plugin.php:484
[15-Feb-2021 14:55:36 UTC] PHP   7. WP_Hook->apply_filters() /var/www/html/site/game-n-share/wp/wp-includes/class-wp-hook.php:311
[15-Feb-2021 14:55:36 UTC] PHP   8. gamenshare_insert_game() /var/www/html/site/game-n-share/wp/wp-includes/class-wp-hook.php:287
[15-Feb-2021 14:57:37 UTC] PHP Notice:  Undefined variable: errors in /var/www/html/site/game-n-share/content/themes/gamenshare/inc/add-game.php on line 80
[15-Feb-2021 14:57:37 UTC] PHP Stack trace:
[15-Feb-2021 14:57:37 UTC] PHP   1. {main}() /var/www/html/site/game-n-share/wp/wp-admin/admin-ajax.php:0
[15-Feb-2021 14:57:37 UTC] PHP   2. require_once() /var/www/html/site/game-n-share/wp/wp-admin/admin-ajax.php:22
[15-Feb-2021 14:57:37 UTC] PHP   3. require_once() /var/www/html/site/game-n-share/wp/wp-load.php:42
[15-Feb-2021 14:57:37 UTC] PHP   4. require_once() /var/www/html/site/game-n-share/wp-config.php:145
[15-Feb-2021 14:57:37 UTC] PHP   5. do_action() /var/www/html/site/game-n-share/wp/wp-settings.php:557
[15-Feb-2021 14:57:37 UTC] PHP   6. WP_Hook->do_action() /var/www/html/site/game-n-share/wp/wp-includes/plugin.php:484
[15-Feb-2021 14:57:37 UTC] PHP   7. WP_Hook->apply_filters() /var/www/html/site/game-n-share/wp/wp-includes/class-wp-hook.php:311
[15-Feb-2021 14:57:37 UTC] PHP   8. gamenshare_insert_game() /var/www/html/site/game-n-share/wp/wp-includes/class-wp-hook.php:287
[15-Feb-2021 14:59:38 UTC] PHP Notice:  Undefined variable: errors in /var/www/html/site/game-n-share/content/themes/gamenshare/inc/add-game.php on line 80
[15-Feb-2021 14:59:38 UTC] PHP Stack trace:
[15-Feb-2021 14:59:38 UTC] PHP   1. {main}() /var/www/html/site/game-n-share/wp/wp-admin/admin-ajax.php:0
[15-Feb-2021 14:59:38 UTC] PHP   2. require_once() /var/www/html/site/game-n-share/wp/wp-admin/admin-ajax.php:22
[15-Feb-2021 14:59:38 UTC] PHP   3. require_once() /var/www/html/site/game-n-share/wp/wp-load.php:42
[15-Feb-2021 14:59:38 UTC] PHP   4. require_once() /var/www/html/site/game-n-share/wp-config.php:145
[15-Feb-2021 14:59:38 UTC] PHP   5. do_action() /var/www/html/site/game-n-share/wp/wp-settings.php:557
[15-Feb-2021 14:59:38 UTC] PHP   6. WP_Hook->do_action() /var/www/html/site/game-n-share/wp/wp-includes/plugin.php:484
[15-Feb-2021 14:59:38 UTC] PHP   7. WP_Hook->apply_filters() /var/www/html/site/game-n-share/wp/wp-includes/class-wp-hook.php:311
[15-Feb-2021 14:59:38 UTC] PHP   8. gamenshare_insert_game() /var/www/html/site/game-n-share/wp/wp-includes/class-wp-hook.php:287
[15-Feb-2021 15:01:39 UTC] PHP Notice:  Undefined variable: errors in /var/www/html/site/game-n-share/content/themes/gamenshare/inc/add-game.php on line 80
[15-Feb-2021 15:01:39 UTC] PHP Stack trace:
[15-Feb-2021 15:01:39 UTC] PHP   1. {main}() /var/www/html/site/game-n-share/wp/wp-admin/admin-ajax.php:0
[15-Feb-2021 15:01:39 UTC] PHP   2. require_once() /var/www/html/site/game-n-share/wp/wp-admin/admin-ajax.php:22
[15-Feb-2021 15:01:39 UTC] PHP   3. require_once() /var/www/html/site/game-n-share/wp/wp-load.php:42
[15-Feb-2021 15:01:39 UTC] PHP   4. require_once() /var/www/html/site/game-n-share/wp-config.php:145
[15-Feb-2021 15:01:39 UTC] PHP   5. do_action() /var/www/html/site/game-n-share/wp/wp-settings.php:557
[15-Feb-2021 15:01:39 UTC] PHP   6. WP_Hook->do_action() /var/www/html/site/game-n-share/wp/wp-includes/plugin.php:484
[15-Feb-2021 15:01:39 UTC] PHP   7. WP_Hook->apply_filters() /var/www/html/site/game-n-share/wp/wp-includes/class-wp-hook.php:311
[15-Feb-2021 15:01:39 UTC] PHP   8. gamenshare_insert_game() /var/www/html/site/game-n-share/wp/wp-includes/class-wp-hook.php:287
[15-Feb-2021 15:03:40 UTC] PHP Notice:  Undefined variable: errors in /var/www/html/site/game-n-share/content/themes/gamenshare/inc/add-game.php on line 80
[15-Feb-2021 15:03:40 UTC] PHP Stack trace:
[15-Feb-2021 15:03:40 UTC] PHP   1. {main}() /var/www/html/site/game-n-share/wp/wp-admin/admin-ajax.php:0
[15-Feb-2021 15:03:40 UTC] PHP   2. require_once() /var/www/html/site/game-n-share/wp/wp-admin/admin-ajax.php:22
[15-Feb-2021 15:03:40 UTC] PHP   3. require_once() /var/www/html/site/game-n-share/wp/wp-load.php:42
[15-Feb-2021 15:03:40 UTC] PHP   4. require_once() /var/www/html/site/game-n-share/wp-config.php:145
[15-Feb-2021 15:03:40 UTC] PHP   5. do_action() /var/www/html/site/game-n-share/wp/wp-settings.php:557
[15-Feb-2021 15:03:40 UTC] PHP   6. WP_Hook->do_action() /var/www/html/site/game-n-share/wp/wp-includes/plugin.php:484
[15-Feb-2021 15:03:40 UTC] PHP   7. WP_Hook->apply_filters() /var/www/html/site/game-n-share/wp/wp-includes/class-wp-hook.php:311
[15-Feb-2021 15:03:40 UTC] PHP   8. gamenshare_insert_game() /var/www/html/site/game-n-share/wp/wp-includes/class-wp-hook.php:287
[15-Feb-2021 15:11:43 UTC] PHP Warning:  Cannot modify header information - headers already sent in /var/www/html/site/game-n-share/content/plugins/simply-show-hooks/index.php on line 84
[15-Feb-2021 15:11:43 UTC] PHP Stack trace:
[15-Feb-2021 15:11:43 UTC] PHP   1. {main}() /var/www/html/site/game-n-share/wp/wp-cron.php:0
[15-Feb-2021 15:11:43 UTC] PHP   2. require_once() /var/www/html/site/game-n-share/wp/wp-cron.php:44
[15-Feb-2021 15:11:43 UTC] PHP   3. require_once() /var/www/html/site/game-n-share/wp/wp-load.php:42
[15-Feb-2021 15:11:43 UTC] PHP   4. require_once() /var/www/html/site/game-n-share/wp-config.php:145
[15-Feb-2021 15:11:43 UTC] PHP   5. include_once() /var/www/html/site/game-n-share/wp/wp-settings.php:388
[15-Feb-2021 15:11:43 UTC] PHP   6. CX_Simply_Show_Hooks::get_instance() /var/www/html/site/game-n-share/content/plugins/simply-show-hooks/index.php:573
[15-Feb-2021 15:11:43 UTC] PHP   7. CX_Simply_Show_Hooks->init() /var/www/html/site/game-n-share/content/plugins/simply-show-hooks/index.php:39
[15-Feb-2021 15:11:43 UTC] PHP   8. CX_Simply_Show_Hooks->set_active_status() /var/www/html/site/game-n-share/content/plugins/simply-show-hooks/index.php:67
[15-Feb-2021 15:11:43 UTC] PHP   9. setcookie() /var/www/html/site/game-n-share/content/plugins/simply-show-hooks/index.php:84
[15-Feb-2021 15:13:44 UTC] PHP Warning:  Cannot modify header information - headers already sent in /var/www/html/site/game-n-share/content/plugins/simply-show-hooks/index.php on line 84
[15-Feb-2021 15:13:44 UTC] PHP Stack trace:
[15-Feb-2021 15:13:44 UTC] PHP   1. {main}() /var/www/html/site/game-n-share/wp/wp-cron.php:0
[15-Feb-2021 15:13:44 UTC] PHP   2. require_once() /var/www/html/site/game-n-share/wp/wp-cron.php:44
[15-Feb-2021 15:13:44 UTC] PHP   3. require_once() /var/www/html/site/game-n-share/wp/wp-load.php:42
[15-Feb-2021 15:13:44 UTC] PHP   4. require_once() /var/www/html/site/game-n-share/wp-config.php:145
[15-Feb-2021 15:13:44 UTC] PHP   5. include_once() /var/www/html/site/game-n-share/wp/wp-settings.php:388
[15-Feb-2021 15:13:44 UTC] PHP   6. CX_Simply_Show_Hooks::get_instance() /var/www/html/site/game-n-share/content/plugins/simply-show-hooks/index.php:573
[15-Feb-2021 15:13:44 UTC] PHP   7. CX_Simply_Show_Hooks->init() /var/www/html/site/game-n-share/content/plugins/simply-show-hooks/index.php:39
[15-Feb-2021 15:13:44 UTC] PHP   8. CX_Simply_Show_Hooks->set_active_status() /var/www/html/site/game-n-share/content/plugins/simply-show-hooks/index.php:67
[15-Feb-2021 15:13:44 UTC] PHP   9. setcookie() /var/www/html/site/game-n-share/content/plugins/simply-show-hooks/index.php:84
[15-Feb-2021 15:16:08 UTC] PHP Warning:  Cannot modify header information - headers already sent in /var/www/html/site/game-n-share/content/plugins/simply-show-hooks/index.php on line 84
[15-Feb-2021 15:16:08 UTC] PHP Stack trace:
[15-Feb-2021 15:16:08 UTC] PHP   1. {main}() /var/www/html/site/game-n-share/wp/wp-cron.php:0
[15-Feb-2021 15:16:08 UTC] PHP   2. require_once() /var/www/html/site/game-n-share/wp/wp-cron.php:44
[15-Feb-2021 15:16:08 UTC] PHP   3. require_once() /var/www/html/site/game-n-share/wp/wp-load.php:42
[15-Feb-2021 15:16:08 UTC] PHP   4. require_once() /var/www/html/site/game-n-share/wp-config.php:145
[15-Feb-2021 15:16:08 UTC] PHP   5. include_once() /var/www/html/site/game-n-share/wp/wp-settings.php:388
[15-Feb-2021 15:16:08 UTC] PHP   6. CX_Simply_Show_Hooks::get_instance() /var/www/html/site/game-n-share/content/plugins/simply-show-hooks/index.php:573
[15-Feb-2021 15:16:08 UTC] PHP   7. CX_Simply_Show_Hooks->init() /var/www/html/site/game-n-share/content/plugins/simply-show-hooks/index.php:39
[15-Feb-2021 15:16:08 UTC] PHP   8. CX_Simply_Show_Hooks->set_active_status() /var/www/html/site/game-n-share/content/plugins/simply-show-hooks/index.php:67
[15-Feb-2021 15:16:08 UTC] PHP   9. setcookie() /var/www/html/site/game-n-share/content/plugins/simply-show-hooks/index.php:84
